0 info it worked if it ends with ok
1 verbose cli [ '/Users/tenzinwangdhen/.nvm/versions/node/v5.9.0/bin/node',
1 verbose cli   '/Users/tenzinwangdhen/.nvm/versions/node/v5.9.0/bin/npm',
1 verbose cli   'start' ]
2 info using npm@3.7.3
3 info using node@v5.9.0
4 verbose run-script [ 'prestart', 'start', 'poststart' ]
5 info lifecycle griddle-react-test@1.0.0~prestart: griddle-react-test@1.0.0
6 silly lifecycle griddle-react-test@1.0.0~prestart: no script for prestart, continuing
7 info lifecycle griddle-react-test@1.0.0~start: griddle-react-test@1.0.0
8 verbose lifecycle griddle-react-test@1.0.0~start: unsafe-perm in lifecycle true
9 verbose lifecycle griddle-react-test@1.0.0~start: PATH: /Users/tenzinwangdhen/.nvm/versions/node/v5.9.0/lib/node_modules/npm/bin/node-gyp-bin:/Users/tenzinwangdhen/Projects/griddle_test/node_modules/.bin:/Users/tenzinwangdhen/.nvm/versions/node/v5.9.0/bin:/Users/tenzinwangdhen/.nvm/versions/node/v5.9.0/bin:/Library/Frameworks/Python.framework/Versions/3.5/bin:/usr/local/sbin:/Users/tenzinwangdhen/.rbenv/shims:/usr/local/bin:/usr/bin:/bin:/usr/sbin:/sbin:/usr/local/mysql/bin:/usr/local/mysql/bin:/Users/tenzinwangdhen/.rvm/bin
10 verbose lifecycle griddle-react-test@1.0.0~start: CWD: /Users/tenzinwangdhen/Projects/griddle_test
11 silly lifecycle griddle-react-test@1.0.0~start: Args: [ '-c', 'webpack-dev-server' ]
12 silly lifecycle griddle-react-test@1.0.0~start: Returned: code: 1  signal: null
13 info lifecycle griddle-react-test@1.0.0~start: Failed to exec start script
14 verbose stack Error: griddle-react-test@1.0.0 start: `webpack-dev-server`
14 verbose stack Exit status 1
14 verbose stack     at EventEmitter.<anonymous> (/Users/tenzinwangdhen/.nvm/versions/node/v5.9.0/lib/node_modules/npm/lib/utils/lifecycle.js:239:16)
14 verbose stack     at emitTwo (events.js:100:13)
14 verbose stack     at EventEmitter.emit (events.js:185:7)
14 verbose stack     at ChildProcess.<anonymous> (/Users/tenzinwangdhen/.nvm/versions/node/v5.9.0/lib/node_modules/npm/lib/utils/spawn.js:24:14)
14 verbose stack     at emitTwo (events.js:100:13)
14 verbose stack     at ChildProcess.emit (events.js:185:7)
14 verbose stack     at maybeClose (internal/child_process.js:850:16)
14 verbose stack     at Process.ChildProcess._handle.onexit (internal/child_process.js:215:5)
15 verbose pkgid griddle-react-test@1.0.0
16 verbose cwd /Users/tenzinwangdhen/Projects/griddle_test
17 error Darwin 15.0.0
18 error argv "/Users/tenzinwangdhen/.nvm/versions/node/v5.9.0/bin/node" "/Users/tenzinwangdhen/.nvm/versions/node/v5.9.0/bin/npm" "start"
19 error node v5.9.0
20 error npm  v3.7.3
21 error code ELIFECYCLE
22 error griddle-react-test@1.0.0 start: `webpack-dev-server`
22 error Exit status 1
23 error Failed at the griddle-react-test@1.0.0 start script 'webpack-dev-server'.
23 error Make sure you have the latest version of node.js and npm installed.
23 error If you do, this is most likely a problem with the griddle-react-test package,
23 error not with npm itself.
23 error Tell the author that this fails on your system:
23 error     webpack-dev-server
23 error You can get information on how to open an issue for this project with:
23 error     npm bugs griddle-react-test
23 error Or if that isn't available, you can get their info via:
23 error     npm owner ls griddle-react-test
23 error There is likely additional logging output above.
24 verbose exit [ 1, true ]
